2017-08-01 15:36:01,297 [main] INFO  c.k.k.bill.RecoveryBillsApplication - Starting RecoveryBillsApplication on DESKTOP-OELLEIK with PID 10356 (D:\workspace\kap-all\RecoveryBills\bill-server\target\classes started by sunjiawei in D:\workspace\kap-all\RecoveryBills)
2017-08-01 15:36:01,300 [main] INFO  c.k.k.bill.RecoveryBillsApplication - No active profile set, falling back to default profiles: default
2017-08-01 15:36:01,930 [main] INFO  o.s.b.c.e.AnnotationConfigEmbeddedWebApplicationContext - Refreshing org.springframework.boot.context.embedded.AnnotationConfigEmbeddedWebApplicationContext@36902638: startup date [Tue Aug 01 15:36:01 CST 2017]; root of context hierarchy
2017-08-01 15:36:02,498 [background-preinit] INFO  o.h.validator.internal.util.Version - HV000001: Hibernate Validator 5.3.4.Final
2017-08-01 15:36:05,973 [main] INFO  o.s.c.s.PostProcessorRegistrationDelegate$BeanPostProcessorChecker - Bean 'org.springframework.transaction.annotation.ProxyTransactionManagementConfiguration' of type [org.springframework.transaction.annotation.ProxyTransactionManagementConfiguration$$EnhancerBySpringCGLIB$$b2cadaf5] is not eligible for getting processed by all BeanPostProcessors (for example: not eligible for auto-proxying)
2017-08-01 15:36:06,555 [main] INFO  o.s.b.c.e.t.TomcatEmbeddedServletContainer - Tomcat initialized with port(s): 8030 (http)
2017-08-01 15:36:06,581 [main] INFO  o.a.catalina.core.StandardService - Starting service Tomcat
2017-08-01 15:36:06,583 [main] INFO  o.a.catalina.core.StandardEngine - Starting Servlet Engine: Apache Tomcat/8.5.11
2017-08-01 15:36:06,767 [localhost-startStop-1] INFO  o.a.c.c.C.[Tomcat].[localhost].[/] - Initializing Spring embedded WebApplicationContext
2017-08-01 15:36:06,767 [localhost-startStop-1] INFO  o.s.web.context.ContextLoader - Root WebApplicationContext: initialization completed in 4837 ms
2017-08-01 15:36:07,001 [localhost-startStop-1] INFO  o.s.b.w.s.ServletRegistrationBean - Mapping servlet: 'dispatcherServlet' to [/]
2017-08-01 15:36:07,015 [localhost-startStop-1] INFO  o.s.b.w.s.FilterRegistrationBean - Mapping filter: 'characterEncodingFilter' to: [/*]
2017-08-01 15:36:07,016 [localhost-startStop-1] INFO  o.s.b.w.s.FilterRegistrationBean - Mapping filter: 'hiddenHttpMethodFilter' to: [/*]
2017-08-01 15:36:07,016 [localhost-startStop-1] INFO  o.s.b.w.s.FilterRegistrationBean - Mapping filter: 'httpPutFormContentFilter' to: [/*]
2017-08-01 15:36:07,016 [localhost-startStop-1] INFO  o.s.b.w.s.FilterRegistrationBean - Mapping filter: 'requestContextFilter' to: [/*]
2017-08-01 15:36:08,275 [main] INFO  o.s.w.s.m.m.a.RequestMappingHandlerAdapter - Looking for @ControllerAdvice: org.springframework.boot.context.embedded.AnnotationConfigEmbeddedWebApplicationContext@36902638: startup date [Tue Aug 01 15:36:01 CST 2017]; root of context hierarchy
2017-08-01 15:36:08,572 [main] INFO  o.s.w.s.m.m.a.RequestMappingHandlerMapping - Mapped "{[/bank/update],methods=[GET]}" onto public org.springframework.web.servlet.ModelAndView com.kashuo.kap.bill.controller.BankController.update(java.lang.String,java.lang.String,java.lang.String,java.lang.String)
2017-08-01 15:36:08,574 [main] INFO  o.s.w.s.m.m.a.RequestMappingHandlerMapping - Mapped "{[/bank/status],methods=[GET]}" onto public org.springframework.web.servlet.ModelAndView com.kashuo.kap.bill.controller.BankController.status(java.lang.String)
2017-08-01 15:36:08,575 [main] INFO  o.s.w.s.m.m.a.RequestMappingHandlerMapping - Mapped "{[/bank],methods=[POST]}" onto public org.springframework.web.servlet.ModelAndView com.kashuo.kap.bill.controller.BankController.search(com.kashuo.kap.bill.model.dto.TransactionCondition)
2017-08-01 15:36:08,576 [main] INFO  o.s.w.s.m.m.a.RequestMappingHandlerMapping - Mapped "{[/bank],methods=[GET]}" onto public org.springframework.web.servlet.ModelAndView com.kashuo.kap.bill.controller.BankController.bank(com.kashuo.kap.bill.model.dto.TransactionCondition)
2017-08-01 15:36:08,577 [main] INFO  o.s.w.s.m.m.a.RequestMappingHandlerMapping - Mapped "{[/file/upload],methods=[GET]}" onto public void com.kashuo.kap.bill.controller.FileController.upload(org.springframework.web.multipart.MultipartFile)
2017-08-01 15:36:08,577 [main] INFO  o.s.w.s.m.m.a.RequestMappingHandlerMapping - Mapped "{[/file/download],methods=[GET]}" onto public void com.kashuo.kap.bill.controller.FileController.download(java.lang.String,javax.servlet.http.HttpServletResponse)
2017-08-01 15:36:08,579 [main] INFO  o.s.w.s.m.m.a.RequestMappingHandlerMapping - Mapped "{[/normal],methods=[GET]}" onto public java.lang.String com.kashuo.kap.bill.controller.NormalBillController.normal(org.springframework.ui.Model)
2017-08-01 15:36:08,580 [main] INFO  o.s.w.s.m.m.a.RequestMappingHandlerMapping - Mapped "{[/normal],methods=[POST]}" onto public java.lang.String com.kashuo.kap.bill.controller.NormalBillController.normalAdd(com.kashuo.kap.bill.model.form.TransactionForm,org.springframework.validation.BindingResult,org.springframework.ui.Model)
2017-08-01 15:36:08,581 [main] INFO  o.s.w.s.m.m.a.RequestMappingHandlerMapping - Mapped "{[/about],methods=[GET]}" onto public java.lang.String com.kashuo.kap.bill.controller.OthersController.about(org.springframework.ui.Model)
2017-08-01 15:36:08,581 [main] INFO  o.s.w.s.m.m.a.RequestMappingHandlerMapping - Mapped "{[/contact],methods=[GET]}" onto public java.lang.String com.kashuo.kap.bill.controller.OthersController.contact(org.springframework.ui.Model)
2017-08-01 15:36:08,581 [main] INFO  o.s.w.s.m.m.a.RequestMappingHandlerMapping - Mapped "{[/],methods=[GET]}" onto public java.lang.String com.kashuo.kap.bill.controller.OthersController.hi()
2017-08-01 15:36:08,584 [main] INFO  o.s.w.s.m.m.a.RequestMappingHandlerMapping - Mapped "{[/error]}" onto public org.springframework.http.ResponseEntity<java.util.Map<java.lang.String, java.lang.Object>> org.springframework.boot.autoconfigure.web.BasicErrorController.error(javax.servlet.http.HttpServletRequest)
2017-08-01 15:36:08,584 [main] INFO  o.s.w.s.m.m.a.RequestMappingHandlerMapping - Mapped "{[/error],produces=[text/html]}" onto public org.springframework.web.servlet.ModelAndView org.springframework.boot.autoconfigure.web.BasicErrorController.errorHtml(javax.servlet.http.HttpServletRequest,javax.servlet.http.HttpServletResponse)
2017-08-01 15:36:08,627 [main] INFO  o.s.w.s.h.SimpleUrlHandlerMapping - Mapped URL path [/webjars/**] onto handler of type [class org.springframework.web.servlet.resource.ResourceHttpRequestHandler]
2017-08-01 15:36:08,627 [main] INFO  o.s.w.s.h.SimpleUrlHandlerMapping - Mapped URL path [/**] onto handler of type [class org.springframework.web.servlet.resource.ResourceHttpRequestHandler]
2017-08-01 15:36:08,675 [main] INFO  o.s.w.s.h.SimpleUrlHandlerMapping - Mapped URL path [/**/favicon.ico] onto handler of type [class org.springframework.web.servlet.resource.ResourceHttpRequestHandler]
2017-08-01 15:36:09,531 [main] INFO  o.s.j.e.a.AnnotationMBeanExporter - Registering beans for JMX exposure on startup
2017-08-01 15:36:09,558 [main] INFO  o.a.coyote.http11.Http11NioProtocol - Initializing ProtocolHandler ["http-nio-127.0.0.1-8030"]
2017-08-01 15:36:09,594 [main] INFO  o.a.coyote.http11.Http11NioProtocol - Starting ProtocolHandler [http-nio-127.0.0.1-8030]
2017-08-01 15:36:09,609 [main] INFO  o.a.tomcat.util.net.NioSelectorPool - Using a shared selector for servlet write/read
2017-08-01 15:36:09,752 [main] INFO  o.s.b.c.e.t.TomcatEmbeddedServletContainer - Tomcat started on port(s): 8030 (http)
2017-08-01 15:36:09,769 [main] INFO  c.k.k.bill.RecoveryBillsApplication - Started RecoveryBillsApplication in 9.498 seconds (JVM running for 11.767)
2017-08-01 16:01:58,292 [main] INFO  c.k.k.bill.RecoveryBillsApplication - Starting RecoveryBillsApplication on DESKTOP-OELLEIK with PID 9460 (D:\workspace\kap-all\RecoveryBills\bill-server\target\classes started by sunjiawei in D:\workspace\kap-all\RecoveryBills)
2017-08-01 16:01:58,296 [main] INFO  c.k.k.bill.RecoveryBillsApplication - No active profile set, falling back to default profiles: default
2017-08-01 16:01:58,600 [main] INFO  o.s.b.c.e.AnnotationConfigEmbeddedWebApplicationContext - Refreshing org.springframework.boot.context.embedded.AnnotationConfigEmbeddedWebApplicationContext@46b61c56: startup date [Tue Aug 01 16:01:58 CST 2017]; root of context hierarchy
2017-08-01 16:01:58,781 [background-preinit] INFO  o.h.validator.internal.util.Version - HV000001: Hibernate Validator 5.3.4.Final
2017-08-01 16:02:00,321 [main] INFO  o.s.c.s.PostProcessorRegistrationDelegate$BeanPostProcessorChecker - Bean 'org.springframework.transaction.annotation.ProxyTransactionManagementConfiguration' of type [org.springframework.transaction.annotation.ProxyTransactionManagementConfiguration$$EnhancerBySpringCGLIB$$b3d8676a] is not eligible for getting processed by all BeanPostProcessors (for example: not eligible for auto-proxying)
2017-08-01 16:02:00,939 [main] INFO  o.s.b.c.e.t.TomcatEmbeddedServletContainer - Tomcat initialized with port(s): 8030 (http)
2017-08-01 16:02:00,959 [main] INFO  o.a.catalina.core.StandardService - Starting service Tomcat
2017-08-01 16:02:00,960 [main] INFO  o.a.catalina.core.StandardEngine - Starting Servlet Engine: Apache Tomcat/8.5.11
2017-08-01 16:02:01,129 [localhost-startStop-1] INFO  o.a.c.c.C.[Tomcat].[localhost].[/] - Initializing Spring embedded WebApplicationContext
2017-08-01 16:02:01,129 [localhost-startStop-1] INFO  o.s.web.context.ContextLoader - Root WebApplicationContext: initialization completed in 2529 ms
2017-08-01 16:02:01,379 [localhost-startStop-1] INFO  o.s.b.w.s.ServletRegistrationBean - Mapping servlet: 'dispatcherServlet' to [/]
2017-08-01 16:02:01,387 [localhost-startStop-1] INFO  o.s.b.w.s.FilterRegistrationBean - Mapping filter: 'characterEncodingFilter' to: [/*]
2017-08-01 16:02:01,388 [localhost-startStop-1] INFO  o.s.b.w.s.FilterRegistrationBean - Mapping filter: 'hiddenHttpMethodFilter' to: [/*]
2017-08-01 16:02:01,388 [localhost-startStop-1] INFO  o.s.b.w.s.FilterRegistrationBean - Mapping filter: 'httpPutFormContentFilter' to: [/*]
2017-08-01 16:02:01,388 [localhost-startStop-1] INFO  o.s.b.w.s.FilterRegistrationBean - Mapping filter: 'requestContextFilter' to: [/*]
2017-08-01 16:02:02,382 [main] INFO  o.s.w.s.m.m.a.RequestMappingHandlerAdapter - Looking for @ControllerAdvice: org.springframework.boot.context.embedded.AnnotationConfigEmbeddedWebApplicationContext@46b61c56: startup date [Tue Aug 01 16:01:58 CST 2017]; root of context hierarchy
2017-08-01 16:02:02,595 [main] INFO  o.s.w.s.m.m.a.RequestMappingHandlerMapping - Mapped "{[/bank/update],methods=[GET]}" onto public org.springframework.web.servlet.ModelAndView com.kashuo.kap.bill.controller.BankController.update(java.lang.String,java.lang.String,java.lang.String,java.lang.String)
2017-08-01 16:02:02,597 [main] INFO  o.s.w.s.m.m.a.RequestMappingHandlerMapping - Mapped "{[/bank/status],methods=[GET]}" onto public org.springframework.web.servlet.ModelAndView com.kashuo.kap.bill.controller.BankController.status(java.lang.String)
2017-08-01 16:02:02,599 [main] INFO  o.s.w.s.m.m.a.RequestMappingHandlerMapping - Mapped "{[/bank],methods=[POST]}" onto public org.springframework.web.servlet.ModelAndView com.kashuo.kap.bill.controller.BankController.search(com.kashuo.kap.bill.model.dto.TransactionCondition)
2017-08-01 16:02:02,600 [main] INFO  o.s.w.s.m.m.a.RequestMappingHandlerMapping - Mapped "{[/bank],methods=[GET]}" onto public org.springframework.web.servlet.ModelAndView com.kashuo.kap.bill.controller.BankController.bank(com.kashuo.kap.bill.model.dto.TransactionCondition)
2017-08-01 16:02:02,601 [main] INFO  o.s.w.s.m.m.a.RequestMappingHandlerMapping - Mapped "{[/file/download],methods=[GET]}" onto public void com.kashuo.kap.bill.controller.FileController.download(java.lang.String,javax.servlet.http.HttpServletResponse)
2017-08-01 16:02:02,601 [main] INFO  o.s.w.s.m.m.a.RequestMappingHandlerMapping - Mapped "{[/file/upload],methods=[GET]}" onto public void com.kashuo.kap.bill.controller.FileController.upload(org.springframework.web.multipart.MultipartFile)
2017-08-01 16:02:02,603 [main] INFO  o.s.w.s.m.m.a.RequestMappingHandlerMapping - Mapped "{[/normal],methods=[POST]}" onto public java.lang.String com.kashuo.kap.bill.controller.NormalBillController.normalAdd(com.kashuo.kap.bill.model.form.TransactionForm,org.springframework.validation.BindingResult,org.springframework.ui.Model)
2017-08-01 16:02:02,603 [main] INFO  o.s.w.s.m.m.a.RequestMappingHandlerMapping - Mapped "{[/normal],methods=[GET]}" onto public java.lang.String com.kashuo.kap.bill.controller.NormalBillController.normal(org.springframework.ui.Model)
2017-08-01 16:02:02,604 [main] INFO  o.s.w.s.m.m.a.RequestMappingHandlerMapping - Mapped "{[/],methods=[GET]}" onto public java.lang.String com.kashuo.kap.bill.controller.OthersController.hi()
2017-08-01 16:02:02,604 [main] INFO  o.s.w.s.m.m.a.RequestMappingHandlerMapping - Mapped "{[/about],methods=[GET]}" onto public java.lang.String com.kashuo.kap.bill.controller.OthersController.about(org.springframework.ui.Model)
2017-08-01 16:02:02,604 [main] INFO  o.s.w.s.m.m.a.RequestMappingHandlerMapping - Mapped "{[/contact],methods=[GET]}" onto public java.lang.String com.kashuo.kap.bill.controller.OthersController.contact(org.springframework.ui.Model)
2017-08-01 16:02:02,606 [main] INFO  o.s.w.s.m.m.a.RequestMappingHandlerMapping - Mapped "{[/error]}" onto public org.springframework.http.ResponseEntity<java.util.Map<java.lang.String, java.lang.Object>> org.springframework.boot.autoconfigure.web.BasicErrorController.error(javax.servlet.http.HttpServletRequest)
2017-08-01 16:02:02,606 [main] INFO  o.s.w.s.m.m.a.RequestMappingHandlerMapping - Mapped "{[/error],produces=[text/html]}" onto public org.springframework.web.servlet.ModelAndView org.springframework.boot.autoconfigure.web.BasicErrorController.errorHtml(javax.servlet.http.HttpServletRequest,javax.servlet.http.HttpServletResponse)
2017-08-01 16:02:02,640 [main] INFO  o.s.w.s.h.SimpleUrlHandlerMapping - Mapped URL path [/webjars/**] onto handler of type [class org.springframework.web.servlet.resource.ResourceHttpRequestHandler]
2017-08-01 16:02:02,641 [main] INFO  o.s.w.s.h.SimpleUrlHandlerMapping - Mapped URL path [/**] onto handler of type [class org.springframework.web.servlet.resource.ResourceHttpRequestHandler]
2017-08-01 16:02:02,698 [main] INFO  o.s.w.s.h.SimpleUrlHandlerMapping - Mapped URL path [/**/favicon.ico] onto handler of type [class org.springframework.web.servlet.resource.ResourceHttpRequestHandler]
2017-08-01 16:02:03,490 [main] INFO  o.s.j.e.a.AnnotationMBeanExporter - Registering beans for JMX exposure on startup
2017-08-01 16:02:03,513 [main] INFO  o.a.coyote.http11.Http11NioProtocol - Initializing ProtocolHandler ["http-nio-127.0.0.1-8030"]
2017-08-01 16:02:03,535 [main] INFO  o.a.coyote.http11.Http11NioProtocol - Starting ProtocolHandler [http-nio-127.0.0.1-8030]
2017-08-01 16:02:03,565 [main] INFO  o.a.tomcat.util.net.NioSelectorPool - Using a shared selector for servlet write/read
2017-08-01 16:02:03,595 [main] INFO  o.s.b.c.e.t.TomcatEmbeddedServletContainer - Tomcat started on port(s): 8030 (http)
2017-08-01 16:02:03,603 [main] INFO  c.k.k.bill.RecoveryBillsApplication - Started RecoveryBillsApplication in 6.026 seconds (JVM running for 6.944)
